=== Task 4a – Correctness ===
  correctness check passed: power-of-2 (512×64)
  correctness check passed: non-power-of-2 (500×70)
  correctness check passed: non-power-of-2 (1000×96)

=== Task 4b – Bandwidth Sweep ===
  N=  16  elapsed=   7.08 µs  bandwidth=18.52 GB/s
  N=  17  elapsed= 130.06 µs  bandwidth=1.07 GB/s
  N=  18  elapsed= 113.50 µs  bandwidth=1.30 GB/s
  N=  19  elapsed=  79.24 µs  bandwidth=1.96 GB/s
  N=  20  elapsed=  30.15 µs  bandwidth=5.43 GB/s
  N=  21  elapsed=  30.06 µs  bandwidth=5.72 GB/s
  N=  22  elapsed=  30.01 µs  bandwidth=6.01 GB/s
  N=  23  elapsed=  30.00 µs  bandwidth=6.28 GB/s
  N=  24  elapsed=  29.89 µs  bandwidth=6.58 GB/s
  N=  25  elapsed=  29.89 µs  bandwidth=6.85 GB/s
  N=  26  elapsed=  29.91 µs  bandwidth=7.12 GB/s
  N=  27  elapsed=  29.91 µs  bandwidth=7.39 GB/s
  N=  28  elapsed=  29.89 µs  bandwidth=7.68 GB/s
  N=  29  elapsed=  29.88 µs  bandwidth=7.95 GB/s
  N=  30  elapsed=  29.85 µs  bandwidth=8.23 GB/s
  N=  31  elapsed=  29.87 µs  bandwidth=8.50 GB/s
  N=  32  elapsed=   3.81 µs  bandwidth=68.86 GB/s
  N=  33  elapsed=  29.72 µs  bandwidth=9.10 GB/s
  N=  34  elapsed=  29.93 µs  bandwidth=9.31 GB/s
  N=  35  elapsed=  29.73 µs  bandwidth=9.64 GB/s
  N=  36  elapsed=  29.83 µs  bandwidth=9.89 GB/s
  N=  37  elapsed=  29.99 µs  bandwidth=10.11 GB/s
  N=  38  elapsed=  30.55 µs  bandwidth=10.19 GB/s
  N=  39  elapsed=  29.79 µs  bandwidth=10.73 GB/s
  N=  40  elapsed=  29.89 µs  bandwidth=10.96 GB/s
  N=  41  elapsed=  29.73 µs  bandwidth=11.30 GB/s
  N=  42  elapsed=  29.85 µs  bandwidth=11.53 GB/s
  N=  43  elapsed=  29.99 µs  bandwidth=11.75 GB/s
  N=  44  elapsed=  30.02 µs  bandwidth=12.01 GB/s
  N=  45  elapsed=  29.70 µs  bandwidth=12.41 GB/s
  N=  46  elapsed=  29.78 µs  bandwidth=12.65 GB/s
  N=  47  elapsed=  29.65 µs  bandwidth=12.99 GB/s
  N=  48  elapsed=  29.75 µs  bandwidth=13.22 GB/s
  N=  49  elapsed=  29.92 µs  bandwidth=13.42 GB/s
  N=  50  elapsed=  30.38 µs  bandwidth=13.48 GB/s
  N=  51  elapsed=  29.86 µs  bandwidth=13.99 GB/s
  N=  52  elapsed=  29.85 µs  bandwidth=14.27 GB/s
  N=  53  elapsed=  29.77 µs  bandwidth=14.58 GB/s
  N=  54  elapsed=  30.13 µs  bandwidth=14.68 GB/s
  N=  55  elapsed=  29.84 µs  bandwidth=15.10 GB/s
  N=  56  elapsed=  29.54 µs  bandwidth=15.53 GB/s
  N=  57  elapsed=  29.86 µs  bandwidth=15.64 GB/s
  N=  58  elapsed=  29.78 µs  bandwidth=15.95 GB/s
  N=  59  elapsed=  29.88 µs  bandwidth=16.18 GB/s
  N=  60  elapsed=  29.79 µs  bandwidth=16.50 GB/s
  N=  61  elapsed=  29.90 µs  bandwidth=16.71 GB/s
  N=  62  elapsed=  29.69 µs  bandwidth=17.11 GB/s
  N=  63  elapsed=  29.91 µs  bandwidth=17.26 GB/s
  N=  64  elapsed=   3.82 µs  bandwidth=137.37 GB/s
  N=  65  elapsed=  30.69 µs  bandwidth=17.35 GB/s
  N=  66  elapsed=  30.48 µs  bandwidth=17.74 GB/s
  N=  67  elapsed=  30.66 µs  bandwidth=17.90 GB/s
  N=  68  elapsed=  30.40 µs  bandwidth=18.32 GB/s
  N=  69  elapsed=  30.64 µs  bandwidth=18.45 GB/s
  N=  70  elapsed=  30.66 µs  bandwidth=18.70 GB/s
  N=  71  elapsed=  30.49 µs  bandwidth=19.08 GB/s
  N=  72  elapsed=  30.37 µs  bandwidth=19.42 GB/s
  N=  73  elapsed=  30.32 µs  bandwidth=19.72 GB/s
  N=  74  elapsed=  30.47 µs  bandwidth=19.89 GB/s
  N=  75  elapsed=  30.43 µs  bandwidth=20.19 GB/s
  N=  76  elapsed=  30.39 µs  bandwidth=20.48 GB/s
  N=  77  elapsed=  30.44 µs  bandwidth=20.72 GB/s
  N=  78  elapsed=  30.49 µs  bandwidth=20.96 GB/s
  N=  79  elapsed=  30.51 µs  bandwidth=21.21 GB/s
  N=  80  elapsed=  30.62 µs  bandwidth=21.40 GB/s
  N=  81  elapsed=  30.51 µs  bandwidth=21.75 GB/s
  N=  82  elapsed=  30.42 µs  bandwidth=22.09 GB/s
  N=  83  elapsed=  30.55 µs  bandwidth=22.26 GB/s
  N=  84  elapsed=  30.52 µs  bandwidth=22.55 GB/s
  N=  85  elapsed=  30.54 µs  bandwidth=22.80 GB/s
  N=  86  elapsed=  31.23 µs  bandwidth=22.56 GB/s
  N=  87  elapsed=  30.65 µs  bandwidth=23.25 GB/s
  N=  88  elapsed=  30.55 µs  bandwidth=23.60 GB/s
  N=  89  elapsed=  30.49 µs  bandwidth=23.92 GB/s
  N=  90  elapsed=  30.52 µs  bandwidth=24.16 GB/s
  N=  91  elapsed=  30.40 µs  bandwidth=24.53 GB/s
  N=  92  elapsed=  30.52 µs  bandwidth=24.69 GB/s
  N=  93  elapsed=  30.57 µs  bandwidth=24.92 GB/s
  N=  94  elapsed=  30.51 µs  bandwidth=25.24 GB/s
  N=  95  elapsed=  30.57 µs  bandwidth=25.46 GB/s
  N=  96  elapsed=  30.55 µs  bandwidth=25.74 GB/s
  N=  97  elapsed=  30.53 µs  bandwidth=26.03 GB/s
  N=  98  elapsed=  30.67 µs  bandwidth=26.18 GB/s
  N=  99  elapsed=  30.56 µs  bandwidth=26.54 GB/s
  N= 100  elapsed=  30.52 µs  bandwidth=26.84 GB/s
  N= 101  elapsed=  30.60 µs  bandwidth=27.04 GB/s
  N= 102  elapsed=  30.60 µs  bandwidth=27.31 GB/s
  N= 103  elapsed=  30.57 µs  bandwidth=27.60 GB/s
  N= 104  elapsed=  30.94 µs  bandwidth=27.54 GB/s
  N= 105  elapsed=  30.63 µs  bandwidth=28.08 GB/s
  N= 106  elapsed=  30.57 µs  bandwidth=28.40 GB/s
  N= 107  elapsed=  30.56 µs  bandwidth=28.68 GB/s
  N= 108  elapsed=  30.56 µs  bandwidth=28.95 GB/s
  N= 109  elapsed=  30.54 µs  bandwidth=29.24 GB/s
  N= 110  elapsed=  30.58 µs  bandwidth=29.47 GB/s
  N= 111  elapsed=  30.52 µs  bandwidth=29.80 GB/s
  N= 112  elapsed=  30.55 µs  bandwidth=30.03 GB/s
  N= 113  elapsed=  30.59 µs  bandwidth=30.26 GB/s
  N= 114  elapsed=  30.57 µs  bandwidth=30.55 GB/s
  N= 115  elapsed=  30.51 µs  bandwidth=30.88 GB/s
  N= 116  elapsed=  30.52 µs  bandwidth=31.14 GB/s
  N= 117  elapsed=  30.48 µs  bandwidth=31.44 GB/s
  N= 118  elapsed=  30.50 µs  bandwidth=31.69 GB/s
  N= 119  elapsed=  30.55 µs  bandwidth=31.91 GB/s
  N= 120  elapsed=  30.44 µs  bandwidth=32.29 GB/s
  N= 121  elapsed=  30.51 µs  bandwidth=32.49 GB/s
  N= 122  elapsed=  30.49 µs  bandwidth=32.78 GB/s
  N= 123  elapsed=  30.47 µs  bandwidth=33.07 GB/s
  N= 124  elapsed=  30.51 µs  bandwidth=33.29 GB/s
  N= 125  elapsed=  30.52 µs  bandwidth=33.55 GB/s
  N= 126  elapsed=  30.54 µs  bandwidth=33.80 GB/s
  N= 127  elapsed=  30.36 µs  bandwidth=34.27 GB/s
  N= 128  elapsed=   3.90 µs  bandwidth=269.07 GB/s

Plot gespeichert in task4_bw.png
